# JRE version: OpenJDK Runtime Environment (11.0.3+7) (build 11.0.3+7-Ubuntu-1ubuntu218.04.1)
# Java VM: OpenJDK 64-Bit Server VM (11.0.3+7-Ubuntu-1ubuntu218.04.1, mixed mode, sharing, tiered, compressed oops, serial gc, linux-amd64)
Heap:
 def new generation   total 8256K, used 233K [0x00000000f0800000, 0x00000000f10f0000, 0x00000000f5aa0000)
  eden space 7360K,   3% used [0x00000000f0800000, 0x00000000f083a4c8, 0x00000000f0f30000)
  from space 896K,   0% used [0x00000000f1010000, 0x00000000f1010000, 0x00000000f10f0000)
  to   space 896K,   0% used [0x00000000f0f30000, 0x00000000f0f30000, 0x00000000f1010000)
 tenured generation   total 18816K, used 18815K [0x00000000f5aa0000, 0x00000000f6d00000, 0x0000000100000000)
   the space 18816K,  99% used [0x00000000f5aa0000, 0x00000000f6cfff08, 0x00000000f6d00000, 0x00000000f6d00000)
 Metaspace       used 31548K, capacity 32478K, committed 32688K, reserved 1077248K
  class space    used 4085K, capacity 4460K, committed 4528K, reserved 1048576K
GC Heap History (10 events):
Event: 23.562 GC heap after
{Heap after GC invocations=56 (full 1):
 def new generation   total 8256K, used 693K [0x00000000f0800000, 0x00000000f10f0000, 0x00000000f5aa0000)
  eden space 7360K,   0% used [0x00000000f0800000, 0x00000000f0800000, 0x00000000f0f30000)
  from space 896K,  77% used [0x00000000f0f30000, 0x00000000f0fdd5f8, 0x00000000f1010000)
  to   space 896K,   0% used [0x00000000f1010000, 0x00000000f1010000, 0x00000000f10f0000)
 tenured generation   total 18240K, used 16111K [0x00000000f5aa0000, 0x00000000f6c70000, 0x0000000100000000)
   the space 18240K,  88% used [0x00000000f5aa0000, 0x00000000f6a5bce8, 0x00000000f6a5be00, 0x00000000f6c70000)
 Metaspace       used 28604K, capacity 29546K, committed 29744K, reserved 1075200K
  class space    used 3757K, capacity 4093K, committed 4144K, reserved 1048576K
}
Event: 30.461 GC heap before
{Heap before GC invocations=56 (full 1):
 def new generation   total 8256K, used 8053K [0x00000000f0800000, 0x00000000f10f0000, 0x00000000f5aa0000)
  eden space 7360K,  99% used [0x00000000f0800000, 0x00000000f0f2ffb8, 0x00000000f0f30000)
  from space 896K,  77% used [0x00000000f0f30000, 0x00000000f0fdd5f8, 0x00000000f1010000)
  to   space 896K,   0% used [0x00000000f1010000, 0x00000000f1010000, 0x00000000f10f0000)
 tenured generation   total 18240K, used 16111K [0x00000000f5aa0000, 0x00000000f6c70000, 0x0000000100000000)
   the space 18240K,  88% used [0x00000000f5aa0000, 0x00000000f6a5bce8, 0x00000000f6a5be00, 0x00000000f6c70000)
 Metaspace       used 29105K, capacity 30038K, committed 30256K, reserved 1075200K
  class space    used 3793K, capacity 4128K, committed 4144K, reserved 1048576K
}
Event: 30.521 GC heap after
{Heap after GC invocations=57 (full 1):
 def new generation   total 8256K, used 649K [0x00000000f0800000, 0x00000000f10f0000, 0x00000000f5aa0000)
  eden space 7360K,   0% used [0x00000000f0800000, 0x00000000f0800000, 0x00000000f0f30000)
  from space 896K,  72% used [0x00000000f1010000, 0x00000000f10b25e8, 0x00000000f10f0000)
  to   space 896K,   0% used [0x00000000f0f30000, 0x00000000f0f30000, 0x00000000f1010000)
 tenured generation   total 18240K, used 16508K [0x00000000f5aa0000, 0x00000000f6c70000, 0x0000000100000000)
   the space 18240K,  90% used [0x00000000f5aa0000, 0x00000000f6abf068, 0x00000000f6abf200, 0x00000000f6c70000)
 Metaspace       used 29105K, capacity 30038K, committed 30256K, reserved 1075200K
  class space    used 3793K, capacity 4128K, committed 4144K, reserved 1048576K
}
Event: 38.593 GC heap before
{Heap before GC invocations=57 (full 1):
 def new generation   total 8256K, used 8009K [0x00000000f0800000, 0x00000000f10f0000, 0x00000000f5aa0000)
  eden space 7360K, 100% used [0x00000000f0800000, 0x00000000f0f30000, 0x00000000f0f30000)
  from space 896K,  72% used [0x00000000f1010000, 0x00000000f10b25e8, 0x00000000f10f0000)
  to   space 896K,   0% used [0x00000000f0f30000, 0x00000000f0f30000, 0x00000000f1010000)
 tenured generation   total 18240K, used 16508K [0x00000000f5aa0000, 0x00000000f6c70000, 0x0000000100000000)
   the space 18240K,  90% used [0x00000000f5aa0000, 0x00000000f6abf068, 0x00000000f6abf200, 0x00000000f6c70000)
 Metaspace       used 29571K, capacity 30454K, committed 30896K, reserved 1075200K
  class space    used 3832K, capacity 4160K, committed 4272K, reserved 1048576K
}
Event: 38.655 GC heap after
{Heap after GC invocations=58 (full 1):
 def new generation   total 8256K, used 729K [0x00000000f0800000, 0x00000000f10f0000, 0x00000000f5aa0000)
  eden space 7360K,   0% used [0x00000000f0800000, 0x00000000f0800000, 0x00000000f0f30000)
  from space 896K,  81% used [0x00000000f0f30000, 0x00000000f0fe66c8, 0x00000000f1010000)
  to   space 896K,   0% used [0x00000000f1010000, 0x00000000f1010000, 0x00000000f10f0000)
 tenured generation   total 18240K, used 16796K [0x00000000f5aa0000, 0x00000000f6c70000, 0x0000000100000000)
   the space 18240K,  92% used [0x00000000f5aa0000, 0x00000000f6b07150, 0x00000000f6b07200, 0x00000000f6c70000)
 Metaspace       used 29571K, capacity 30454K, committed 30896K, reserved 1075200K
  class space    used 3832K, capacity 4160K, committed 4272K, reserved 1048576K
}
Event: 49.380 GC heap before
{Heap before GC invocations=58 (full 1):
 def new generation   total 8256K, used 8089K [0x00000000f0800000, 0x00000000f10f0000, 0x00000000f5aa0000)
  eden space 7360K, 100% used [0x00000000f0800000, 0x00000000f0f30000, 0x00000000f0f30000)
  from space 896K,  81% used [0x00000000f0f30000, 0x00000000f0fe66c8, 0x00000000f1010000)
  to   space 896K,   0% used [0x00000000f1010000, 0x00000000f1010000, 0x00000000f10f0000)
 tenured generation   total 18240K, used 16796K [0x00000000f5aa0000, 0x00000000f6c70000, 0x0000000100000000)
   the space 18240K,  92% used [0x00000000f5aa0000, 0x00000000f6b07150, 0x00000000f6b07200, 0x00000000f6c70000)
 Metaspace       used 30116K, capacity 31071K, committed 31408K, reserved 1077248K
  class space    used 3900K, capacity 4237K, committed 4272K, reserved 1048576K
}
Event: 49.444 GC heap after
{Heap after GC invocations=59 (full 1):
 def new generation   total 8256K, used 896K [0x00000000f0800000, 0x00000000f10f0000, 0x00000000f5aa0000)
  eden space 7360K,   0% used [0x00000000f0800000, 0x00000000f0800000, 0x00000000f0f30000)
  from space 896K, 100% used [0x00000000f1010000, 0x00000000f10f0000, 0x00000000f10f0000)
  to   space 896K,   0% used [0x00000000f0f30000, 0x00000000f0f30000, 0x00000000f1010000)
 tenured generation   total 18240K, used 17234K [0x00000000f5aa0000, 0x00000000f6c70000, 0x0000000100000000)
   the space 18240K,  94% used [0x00000000f5aa0000, 0x00000000f6b74908, 0x00000000f6b74a00, 0x00000000f6c70000)
 Metaspace       used 30116K, capacity 31071K, committed 31408K, reserved 1077248K
  class space    used 3900K, capacity 4237K, committed 4272K, reserved 1048576K
}
Event: 65.040 GC heap before
{Heap before GC invocations=59 (full 1):
 def new generation   total 8256K, used 8256K [0x00000000f0800000, 0x00000000f10f0000, 0x00000000f5aa0000)
  eden space 7360K, 100% used [0x00000000f0800000, 0x00000000f0f30000, 0x00000000f0f30000)
  from space 896K, 100% used [0x00000000f1010000, 0x00000000f10f0000, 0x00000000f10f0000)
  to   space 896K,   0% used [0x00000000f0f30000, 0x00000000f0f30000, 0x00000000f1010000)
 tenured generation   total 18240K, used 17234K [0x00000000f5aa0000, 0x00000000f6c70000, 0x0000000100000000)
   the space 18240K,  94% used [0x00000000f5aa0000, 0x00000000f6b74908, 0x00000000f6b74a00, 0x00000000f6c70000)
 Metaspace       used 30619K, capacity 31523K, committed 31792K, reserved 1077248K
  class space    used 3972K, capacity 4315K, committed 4400K, reserved 1048576K
}
Event: 65.183 GC heap after
{Heap after GC invocations=60 (full 1):
 def new generation   total 8256K, used 597K [0x00000000f0800000, 0x00000000f10f0000, 0x00000000f5aa0000)
  eden space 7360K,   0% used [0x00000000f0800000, 0x00000000f0800000, 0x00000000f0f30000)
  from space 896K,  66% used [0x00000000f0f30000, 0x00000000f0fc56f8, 0x00000000f1010000)
  to   space 896K,   0% used [0x00000000f1010000, 0x00000000f1010000, 0x00000000f10f0000)
 tenured generation   total 18240K, used 18107K [0x00000000f5aa0000, 0x00000000f6c70000, 0x0000000100000000)
   the space 18240K,  99% used [0x00000000f5aa0000, 0x00000000f6c4ef60, 0x00000000f6c4f000, 0x00000000f6c70000)
 Metaspace       used 30619K, capacity 31523K, committed 31792K, reserved 1077248K
  class space    used 3972K, capacity 4315K, committed 4400K, reserved 1048576K
}
Event: 99.144 GC heap before
{Heap before GC invocations=60 (full 1):
 def new generation   total 8256K, used 7957K [0x00000000f0800000, 0x00000000f10f0000, 0x00000000f5aa0000)
  eden space 7360K, 100% used [0x00000000f0800000, 0x00000000f0f30000, 0x00000000f0f30000)
  from space 896K,  66% used [0x00000000f0f30000, 0x00000000f0fc56f8, 0x00000000f1010000)
  to   space 896K,   0% used [0x00000000f1010000, 0x00000000f1010000, 0x00000000f10f0000)
 tenured generation   total 18240K, used 18107K [0x00000000f5aa0000, 0x00000000f6c70000, 0x0000000100000000)
   the space 18240K,  99% used [0x00000000f5aa0000, 0x00000000f6c4ef60, 0x00000000f6c4f000, 0x00000000f6c70000)
 Metaspace       used 31548K, capacity 32478K, committed 32688K, reserved 1077248K
  class space    used 4085K, capacity 4460K, committed 4528K, reserved 1048576K
}

